<?xml version="1.0" encoding="UTF-8"?>
<!-- Generated by org.testng.reporters.JUnitReportReporter -->
<testsuite hostname="TUSAR" name="TestNGprac.Tusar3Test" tests="3" failures="0" timestamp="9 Nov 2016 14:38:58 GMT" time="0.027" errors="0">
  <testcase name="addTest" time="0.012" classname="TestNGprac.Tusar3Test"/>
  <testcase name="add3Test" time="0.012" classname="TestNGprac.Tusar3Test"/>
  <testcase name="add1Test" time="0.003" classname="TestNGprac.Tusar3Test"/>
</testsuite> <!-- TestNGprac.Tusar3Test -->
