<?xml version="1.0" encoding="UTF-8"?>
<!-- Generated by org.testng.reporters.JUnitReportReporter -->
<testsuite hostname="TUSAR" name="FrameWorkHrm.PIMTest" tests="1" failures="0" timestamp="14 Nov 2016 12:25:01 GMT" time="35.290" errors="0">
  <testcase name="createEmpTest" time="35.290" classname="FrameWorkHrm.PIMTest"/>
</testsuite> <!-- FrameWorkHrm.PIMTest -->
