<?xml version="1.0" encoding="UTF-8"?>
<!-- Generated by org.testng.reporters.JUnitReportReporter -->
<testsuite hostname="TUSAR" name="TestNGprac.Tusar4Test" tests="2" failures="0" timestamp="11 Nov 2016 14:10:50 GMT" time="36.483" errors="0">
  <testcase name="verifylogo" time="17.608" classname="TestNGprac.Tusar4Test"/>
  <testcase name="verifyinvalidmsg" time="18.875" classname="TestNGprac.Tusar4Test"/>
</testsuite> <!-- TestNGprac.Tusar4Test -->
