<?xml version="1.0" encoding="UTF-8"?>
<!-- Generated by org.testng.reporters.JUnitReportReporter -->
<testsuite hostname="TUSAR" name="TestNGprac.Tusar2Test" tests="3" failures="0" timestamp="9 Nov 2016 14:54:44 GMT" time="0.048" errors="0">
  <testcase name="delemp" time="0.008" classname="TestNGprac.Tusar2Test"/>
  <testcase name="modifyemp" time="0.009" classname="TestNGprac.Tusar2Test"/>
  <testcase name="createmp" time="0.031" classname="TestNGprac.Tusar2Test"/>
</testsuite> <!-- TestNGprac.Tusar2Test -->
